Determining if the pthread_create exist failed with the following output:
Change Dir: /home/wcm-mob/catkin_ws/build_isolated/amcl/CMakeFiles/CMakeTmp

Run Build Command:"/usr/bin/make" "cmTC_1333c/fast"
/usr/bin/make -f CMakeFiles/cmTC_1333c.dir/build.make CMakeFiles/cmTC_1333c.dir/build
make[1]: Entering directory '/home/wcm-mob/catkin_ws/build_isolated/amcl/CMakeFiles/CMakeTmp'
Building C object CMakeFiles/cmTC_1333c.dir/CheckSymbolExists.c.o
/usr/bin/cc    -o CMakeFiles/cmTC_1333c.dir/CheckSymbolExists.c.o   -c /home/wcm-mob/catkin_ws/build_isolated/amcl/CMakeFiles/CMakeTmp/CheckSymbolExists.c
Linking C executable cmTC_1333c
/usr/bin/cmake -E cmake_link_script CMakeFiles/cmTC_1333c.dir/link.txt --verbose=1
/usr/bin/cc      -rdynamic CMakeFiles/cmTC_1333c.dir/CheckSymbolExists.c.o  -o cmTC_1333c 
CMakeFiles/cmTC_1333c.dir/CheckSymbolExists.c.o: In function `main':
CheckSymbolExists.c:(.text+0x1b): undefined reference to `pthread_create'
collect2: error: ld returned 1 exit status
CMakeFiles/cmTC_1333c.dir/build.make:97: recipe for target 'cmTC_1333c' failed
make[1]: *** [cmTC_1333c] Error 1
make[1]: Leaving directory '/home/wcm-mob/catkin_ws/build_isolated/amcl/CMakeFiles/CMakeTmp'
Makefile:126: recipe for target 'cmTC_1333c/fast' failed
make: *** [cmTC_1333c/fast] Error 2

File /home/wcm-mob/catkin_ws/build_isolated/amcl/CMakeFiles/CMakeTmp/CheckSymbolExists.c:
/* */
#include <pthread.h>

int main(int argc, char** argv)
{
  (void)argv;
#ifndef pthread_create
  return ((int*)(&pthread_create))[argc];
#else
  (void)argc;
  return 0;
#endif
}

Determining if the function pthread_create exists in the pthreads failed with the following output:
Change Dir: /home/wcm-mob/catkin_ws/build_isolated/amcl/CMakeFiles/CMakeTmp

Run Build Command:"/usr/bin/make" "cmTC_a9927/fast"
/usr/bin/make -f CMakeFiles/cmTC_a9927.dir/build.make CMakeFiles/cmTC_a9927.dir/build
make[1]: Entering directory '/home/wcm-mob/catkin_ws/build_isolated/amcl/CMakeFiles/CMakeTmp'
Building C object CMakeFiles/cmTC_a9927.dir/CheckFunctionExists.c.o
/usr/bin/cc   -DCHECK_FUNCTION_EXISTS=pthread_create   -o CMakeFiles/cmTC_a9927.dir/CheckFunctionExists.c.o   -c /usr/share/cmake-3.10/Modules/CheckFunctionExists.c
Linking C executable cmTC_a9927
/usr/bin/cmake -E cmake_link_script CMakeFiles/cmTC_a9927.dir/link.txt --verbose=1
/usr/bin/cc  -DCHECK_FUNCTION_EXISTS=pthread_create    -rdynamic CMakeFiles/cmTC_a9927.dir/CheckFunctionExists.c.o  -o cmTC_a9927 -lpthreads 
/usr/bin/ld: cannot find -lpthreads
collect2: error: ld returned 1 exit status
CMakeFiles/cmTC_a9927.dir/build.make:97: recipe for target 'cmTC_a9927' failed
make[1]: *** [cmTC_a9927] Error 1
make[1]: Leaving directory '/home/wcm-mob/catkin_ws/build_isolated/amcl/CMakeFiles/CMakeTmp'
Makefile:126: recipe for target 'cmTC_a9927/fast' failed
make: *** [cmTC_a9927/fast] Error 2


