Determining if the pthread_create exist failed with the following output:
Change Dir: /home/wcm-mob/catkin_ws/build_isolated/move_base/CMakeFiles/CMakeTmp

Run Build Command:"/usr/bin/make" "cmTC_68bf3/fast"
/usr/bin/make -f CMakeFiles/cmTC_68bf3.dir/build.make CMakeFiles/cmTC_68bf3.dir/build
make[1]: Entering directory '/home/wcm-mob/catkin_ws/build_isolated/move_base/CMakeFiles/CMakeTmp'
Building C object CMakeFiles/cmTC_68bf3.dir/CheckSymbolExists.c.o
/usr/bin/cc    -o CMakeFiles/cmTC_68bf3.dir/CheckSymbolExists.c.o   -c /home/wcm-mob/catkin_ws/build_isolated/move_base/CMakeFiles/CMakeTmp/CheckSymbolExists.c
Linking C executable cmTC_68bf3
/usr/bin/cmake -E cmake_link_script CMakeFiles/cmTC_68bf3.dir/link.txt --verbose=1
/usr/bin/cc      -rdynamic CMakeFiles/cmTC_68bf3.dir/CheckSymbolExists.c.o  -o cmTC_68bf3 
CMakeFiles/cmTC_68bf3.dir/CheckSymbolExists.c.o: In function `main':
CheckSymbolExists.c:(.text+0x1b): undefined reference to `pthread_create'
collect2: error: ld returned 1 exit status
CMakeFiles/cmTC_68bf3.dir/build.make:97: recipe for target 'cmTC_68bf3' failed
make[1]: *** [cmTC_68bf3] Error 1
make[1]: Leaving directory '/home/wcm-mob/catkin_ws/build_isolated/move_base/CMakeFiles/CMakeTmp'
Makefile:126: recipe for target 'cmTC_68bf3/fast' failed
make: *** [cmTC_68bf3/fast] Error 2

File /home/wcm-mob/catkin_ws/build_isolated/move_base/CMakeFiles/CMakeTmp/CheckSymbolExists.c:
/* */
#include <pthread.h>

int main(int argc, char** argv)
{
  (void)argv;
#ifndef pthread_create
  return ((int*)(&pthread_create))[argc];
#else
  (void)argc;
  return 0;
#endif
}

Determining if the function pthread_create exists in the pthreads failed with the following output:
Change Dir: /home/wcm-mob/catkin_ws/build_isolated/move_base/CMakeFiles/CMakeTmp

Run Build Command:"/usr/bin/make" "cmTC_4d44d/fast"
/usr/bin/make -f CMakeFiles/cmTC_4d44d.dir/build.make CMakeFiles/cmTC_4d44d.dir/build
make[1]: Entering directory '/home/wcm-mob/catkin_ws/build_isolated/move_base/CMakeFiles/CMakeTmp'
Building C object CMakeFiles/cmTC_4d44d.dir/CheckFunctionExists.c.o
/usr/bin/cc   -DCHECK_FUNCTION_EXISTS=pthread_create   -o CMakeFiles/cmTC_4d44d.dir/CheckFunctionExists.c.o   -c /usr/share/cmake-3.10/Modules/CheckFunctionExists.c
Linking C executable cmTC_4d44d
/usr/bin/cmake -E cmake_link_script CMakeFiles/cmTC_4d44d.dir/link.txt --verbose=1
/usr/bin/cc  -DCHECK_FUNCTION_EXISTS=pthread_create    -rdynamic CMakeFiles/cmTC_4d44d.dir/CheckFunctionExists.c.o  -o cmTC_4d44d -lpthreads 
/usr/bin/ld: cannot find -lpthreads
collect2: error: ld returned 1 exit status
CMakeFiles/cmTC_4d44d.dir/build.make:97: recipe for target 'cmTC_4d44d' failed
make[1]: *** [cmTC_4d44d] Error 1
make[1]: Leaving directory '/home/wcm-mob/catkin_ws/build_isolated/move_base/CMakeFiles/CMakeTmp'
Makefile:126: recipe for target 'cmTC_4d44d/fast' failed
make: *** [cmTC_4d44d/fast] Error 2


