Determining if the pthread_create exist failed with the following output:
Change Dir: /home/wcm-mob/catkin_ws/build_isolated/navfn/CMakeFiles/CMakeTmp

Run Build Command:"/usr/bin/make" "cmTC_04cef/fast"
/usr/bin/make -f CMakeFiles/cmTC_04cef.dir/build.make CMakeFiles/cmTC_04cef.dir/build
make[1]: Entering directory '/home/wcm-mob/catkin_ws/build_isolated/navfn/CMakeFiles/CMakeTmp'
Building C object CMakeFiles/cmTC_04cef.dir/CheckSymbolExists.c.o
/usr/bin/cc    -o CMakeFiles/cmTC_04cef.dir/CheckSymbolExists.c.o   -c /home/wcm-mob/catkin_ws/build_isolated/navfn/CMakeFiles/CMakeTmp/CheckSymbolExists.c
Linking C executable cmTC_04cef
/usr/bin/cmake -E cmake_link_script CMakeFiles/cmTC_04cef.dir/link.txt --verbose=1
/usr/bin/cc      -rdynamic CMakeFiles/cmTC_04cef.dir/CheckSymbolExists.c.o  -o cmTC_04cef 
CMakeFiles/cmTC_04cef.dir/CheckSymbolExists.c.o: In function `main':
CheckSymbolExists.c:(.text+0x1b): undefined reference to `pthread_create'
collect2: error: ld returned 1 exit status
CMakeFiles/cmTC_04cef.dir/build.make:97: recipe for target 'cmTC_04cef' failed
make[1]: *** [cmTC_04cef] Error 1
make[1]: Leaving directory '/home/wcm-mob/catkin_ws/build_isolated/navfn/CMakeFiles/CMakeTmp'
Makefile:126: recipe for target 'cmTC_04cef/fast' failed
make: *** [cmTC_04cef/fast] Error 2

File /home/wcm-mob/catkin_ws/build_isolated/navfn/CMakeFiles/CMakeTmp/CheckSymbolExists.c:
/* */
#include <pthread.h>

int main(int argc, char** argv)
{
  (void)argv;
#ifndef pthread_create
  return ((int*)(&pthread_create))[argc];
#else
  (void)argc;
  return 0;
#endif
}

Determining if the function pthread_create exists in the pthreads failed with the following output:
Change Dir: /home/wcm-mob/catkin_ws/build_isolated/navfn/CMakeFiles/CMakeTmp

Run Build Command:"/usr/bin/make" "cmTC_2d6f0/fast"
/usr/bin/make -f CMakeFiles/cmTC_2d6f0.dir/build.make CMakeFiles/cmTC_2d6f0.dir/build
make[1]: Entering directory '/home/wcm-mob/catkin_ws/build_isolated/navfn/CMakeFiles/CMakeTmp'
Building C object CMakeFiles/cmTC_2d6f0.dir/CheckFunctionExists.c.o
/usr/bin/cc   -DCHECK_FUNCTION_EXISTS=pthread_create   -o CMakeFiles/cmTC_2d6f0.dir/CheckFunctionExists.c.o   -c /usr/share/cmake-3.10/Modules/CheckFunctionExists.c
Linking C executable cmTC_2d6f0
/usr/bin/cmake -E cmake_link_script CMakeFiles/cmTC_2d6f0.dir/link.txt --verbose=1
/usr/bin/cc  -DCHECK_FUNCTION_EXISTS=pthread_create    -rdynamic CMakeFiles/cmTC_2d6f0.dir/CheckFunctionExists.c.o  -o cmTC_2d6f0 -lpthreads 
/usr/bin/ld: cannot find -lpthreads
collect2: error: ld returned 1 exit status
CMakeFiles/cmTC_2d6f0.dir/build.make:97: recipe for target 'cmTC_2d6f0' failed
make[1]: *** [cmTC_2d6f0] Error 1
make[1]: Leaving directory '/home/wcm-mob/catkin_ws/build_isolated/navfn/CMakeFiles/CMakeTmp'
Makefile:126: recipe for target 'cmTC_2d6f0/fast' failed
make: *** [cmTC_2d6f0/fast] Error 2


Determining if the include file pgm.h exists failed with the following output:
Change Dir: /home/wcm-mob/catkin_ws/build_isolated/navfn/CMakeFiles/CMakeTmp

Run Build Command:"/usr/bin/make" "cmTC_9a14a/fast"
/usr/bin/make -f CMakeFiles/cmTC_9a14a.dir/build.make CMakeFiles/cmTC_9a14a.dir/build
make[1]: Entering directory '/home/wcm-mob/catkin_ws/build_isolated/navfn/CMakeFiles/CMakeTmp'
Building CXX object CMakeFiles/cmTC_9a14a.dir/CheckIncludeFile.cxx.o
/usr/bin/c++     -o CMakeFiles/cmTC_9a14a.dir/CheckIncludeFile.cxx.o -c /home/wcm-mob/catkin_ws/build_isolated/navfn/CMakeFiles/CMakeTmp/CheckIncludeFile.cxx
/home/wcm-mob/catkin_ws/build_isolated/navfn/CMakeFiles/CMakeTmp/CheckIncludeFile.cxx:1:10: fatal error: pgm.h: No such file or directory
 #include <pgm.h>
          ^~~~~~~
compilation terminated.
CMakeFiles/cmTC_9a14a.dir/build.make:65: recipe for target 'CMakeFiles/cmTC_9a14a.dir/CheckIncludeFile.cxx.o' failed
make[1]: *** [CMakeFiles/cmTC_9a14a.dir/CheckIncludeFile.cxx.o] Error 1
make[1]: Leaving directory '/home/wcm-mob/catkin_ws/build_isolated/navfn/CMakeFiles/CMakeTmp'
Makefile:126: recipe for target 'cmTC_9a14a/fast' failed
make: *** [cmTC_9a14a/fast] Error 2


