Determining if the pthread_create exist failed with the following output:
Change Dir: /home/wcm-mob/catkin_ws/build_isolated/fake_localization/CMakeFiles/CMakeTmp

Run Build Command:"/usr/bin/make" "cmTC_514ee/fast"
/usr/bin/make -f CMakeFiles/cmTC_514ee.dir/build.make CMakeFiles/cmTC_514ee.dir/build
make[1]: Entering directory '/home/wcm-mob/catkin_ws/build_isolated/fake_localization/CMakeFiles/CMakeTmp'
Building C object CMakeFiles/cmTC_514ee.dir/CheckSymbolExists.c.o
/usr/bin/cc    -o CMakeFiles/cmTC_514ee.dir/CheckSymbolExists.c.o   -c /home/wcm-mob/catkin_ws/build_isolated/fake_localization/CMakeFiles/CMakeTmp/CheckSymbolExists.c
Linking C executable cmTC_514ee
/usr/bin/cmake -E cmake_link_script CMakeFiles/cmTC_514ee.dir/link.txt --verbose=1
/usr/bin/cc      -rdynamic CMakeFiles/cmTC_514ee.dir/CheckSymbolExists.c.o  -o cmTC_514ee 
CMakeFiles/cmTC_514ee.dir/CheckSymbolExists.c.o: In function `main':
CheckSymbolExists.c:(.text+0x1b): undefined reference to `pthread_create'
collect2: error: ld returned 1 exit status
CMakeFiles/cmTC_514ee.dir/build.make:97: recipe for target 'cmTC_514ee' failed
make[1]: *** [cmTC_514ee] Error 1
make[1]: Leaving directory '/home/wcm-mob/catkin_ws/build_isolated/fake_localization/CMakeFiles/CMakeTmp'
Makefile:126: recipe for target 'cmTC_514ee/fast' failed
make: *** [cmTC_514ee/fast] Error 2

File /home/wcm-mob/catkin_ws/build_isolated/fake_localization/CMakeFiles/CMakeTmp/CheckSymbolExists.c:
/* */
#include <pthread.h>

int main(int argc, char** argv)
{
  (void)argv;
#ifndef pthread_create
  return ((int*)(&pthread_create))[argc];
#else
  (void)argc;
  return 0;
#endif
}

Determining if the function pthread_create exists in the pthreads failed with the following output:
Change Dir: /home/wcm-mob/catkin_ws/build_isolated/fake_localization/CMakeFiles/CMakeTmp

Run Build Command:"/usr/bin/make" "cmTC_f1a4e/fast"
/usr/bin/make -f CMakeFiles/cmTC_f1a4e.dir/build.make CMakeFiles/cmTC_f1a4e.dir/build
make[1]: Entering directory '/home/wcm-mob/catkin_ws/build_isolated/fake_localization/CMakeFiles/CMakeTmp'
Building C object CMakeFiles/cmTC_f1a4e.dir/CheckFunctionExists.c.o
/usr/bin/cc   -DCHECK_FUNCTION_EXISTS=pthread_create   -o CMakeFiles/cmTC_f1a4e.dir/CheckFunctionExists.c.o   -c /usr/share/cmake-3.10/Modules/CheckFunctionExists.c
Linking C executable cmTC_f1a4e
/usr/bin/cmake -E cmake_link_script CMakeFiles/cmTC_f1a4e.dir/link.txt --verbose=1
/usr/bin/cc  -DCHECK_FUNCTION_EXISTS=pthread_create    -rdynamic CMakeFiles/cmTC_f1a4e.dir/CheckFunctionExists.c.o  -o cmTC_f1a4e -lpthreads 
/usr/bin/ld: cannot find -lpthreads
collect2: error: ld returned 1 exit status
CMakeFiles/cmTC_f1a4e.dir/build.make:97: recipe for target 'cmTC_f1a4e' failed
make[1]: *** [cmTC_f1a4e] Error 1
make[1]: Leaving directory '/home/wcm-mob/catkin_ws/build_isolated/fake_localization/CMakeFiles/CMakeTmp'
Makefile:126: recipe for target 'cmTC_f1a4e/fast' failed
make: *** [cmTC_f1a4e/fast] Error 2


