Determining if the pthread_create exist failed with the following output:
Change Dir: /home/wcm-mob/catkin_ws/build_isolated/launch_jetson_nano_bot/CMakeFiles/CMakeTmp

Run Build Command:"/usr/bin/make" "cmTC_a5e72/fast"
/usr/bin/make -f CMakeFiles/cmTC_a5e72.dir/build.make CMakeFiles/cmTC_a5e72.dir/build
make[1]: Entering directory '/home/wcm-mob/catkin_ws/build_isolated/launch_jetson_nano_bot/CMakeFiles/CMakeTmp'
Building C object CMakeFiles/cmTC_a5e72.dir/CheckSymbolExists.c.o
/usr/bin/cc    -o CMakeFiles/cmTC_a5e72.dir/CheckSymbolExists.c.o   -c /home/wcm-mob/catkin_ws/build_isolated/launch_jetson_nano_bot/CMakeFiles/CMakeTmp/CheckSymbolExists.c
Linking C executable cmTC_a5e72
/usr/bin/cmake -E cmake_link_script CMakeFiles/cmTC_a5e72.dir/link.txt --verbose=1
/usr/bin/cc      -rdynamic CMakeFiles/cmTC_a5e72.dir/CheckSymbolExists.c.o  -o cmTC_a5e72 
CMakeFiles/cmTC_a5e72.dir/CheckSymbolExists.c.o: In function `main':
CheckSymbolExists.c:(.text+0x1b): undefined reference to `pthread_create'
collect2: error: ld returned 1 exit status
CMakeFiles/cmTC_a5e72.dir/build.make:97: recipe for target 'cmTC_a5e72' failed
make[1]: *** [cmTC_a5e72] Error 1
make[1]: Leaving directory '/home/wcm-mob/catkin_ws/build_isolated/launch_jetson_nano_bot/CMakeFiles/CMakeTmp'
Makefile:126: recipe for target 'cmTC_a5e72/fast' failed
make: *** [cmTC_a5e72/fast] Error 2

File /home/wcm-mob/catkin_ws/build_isolated/launch_jetson_nano_bot/CMakeFiles/CMakeTmp/CheckSymbolExists.c:
/* */
#include <pthread.h>

int main(int argc, char** argv)
{
  (void)argv;
#ifndef pthread_create
  return ((int*)(&pthread_create))[argc];
#else
  (void)argc;
  return 0;
#endif
}

Determining if the function pthread_create exists in the pthreads failed with the following output:
Change Dir: /home/wcm-mob/catkin_ws/build_isolated/launch_jetson_nano_bot/CMakeFiles/CMakeTmp

Run Build Command:"/usr/bin/make" "cmTC_20890/fast"
/usr/bin/make -f CMakeFiles/cmTC_20890.dir/build.make CMakeFiles/cmTC_20890.dir/build
make[1]: Entering directory '/home/wcm-mob/catkin_ws/build_isolated/launch_jetson_nano_bot/CMakeFiles/CMakeTmp'
Building C object CMakeFiles/cmTC_20890.dir/CheckFunctionExists.c.o
/usr/bin/cc   -DCHECK_FUNCTION_EXISTS=pthread_create   -o CMakeFiles/cmTC_20890.dir/CheckFunctionExists.c.o   -c /usr/share/cmake-3.10/Modules/CheckFunctionExists.c
Linking C executable cmTC_20890
/usr/bin/cmake -E cmake_link_script CMakeFiles/cmTC_20890.dir/link.txt --verbose=1
/usr/bin/cc  -DCHECK_FUNCTION_EXISTS=pthread_create    -rdynamic CMakeFiles/cmTC_20890.dir/CheckFunctionExists.c.o  -o cmTC_20890 -lpthreads 
/usr/bin/ld: cannot find -lpthreads
collect2: error: ld returned 1 exit status
CMakeFiles/cmTC_20890.dir/build.make:97: recipe for target 'cmTC_20890' failed
make[1]: *** [cmTC_20890] Error 1
make[1]: Leaving directory '/home/wcm-mob/catkin_ws/build_isolated/launch_jetson_nano_bot/CMakeFiles/CMakeTmp'
Makefile:126: recipe for target 'cmTC_20890/fast' failed
make: *** [cmTC_20890/fast] Error 2


