Determining if the pthread_create exist failed with the following output:
Change Dir: /home/wcm-mob/catkin_ws/build_isolated/nav_core/CMakeFiles/CMakeTmp

Run Build Command:"/usr/bin/make" "cmTC_b69fa/fast"
/usr/bin/make -f CMakeFiles/cmTC_b69fa.dir/build.make CMakeFiles/cmTC_b69fa.dir/build
make[1]: Entering directory '/home/wcm-mob/catkin_ws/build_isolated/nav_core/CMakeFiles/CMakeTmp'
Building C object CMakeFiles/cmTC_b69fa.dir/CheckSymbolExists.c.o
/usr/bin/cc    -o CMakeFiles/cmTC_b69fa.dir/CheckSymbolExists.c.o   -c /home/wcm-mob/catkin_ws/build_isolated/nav_core/CMakeFiles/CMakeTmp/CheckSymbolExists.c
Linking C executable cmTC_b69fa
/usr/bin/cmake -E cmake_link_script CMakeFiles/cmTC_b69fa.dir/link.txt --verbose=1
/usr/bin/cc      -rdynamic CMakeFiles/cmTC_b69fa.dir/CheckSymbolExists.c.o  -o cmTC_b69fa 
CMakeFiles/cmTC_b69fa.dir/CheckSymbolExists.c.o: In function `main':
CheckSymbolExists.c:(.text+0x1b): undefined reference to `pthread_create'
collect2: error: ld returned 1 exit status
CMakeFiles/cmTC_b69fa.dir/build.make:97: recipe for target 'cmTC_b69fa' failed
make[1]: *** [cmTC_b69fa] Error 1
make[1]: Leaving directory '/home/wcm-mob/catkin_ws/build_isolated/nav_core/CMakeFiles/CMakeTmp'
Makefile:126: recipe for target 'cmTC_b69fa/fast' failed
make: *** [cmTC_b69fa/fast] Error 2

File /home/wcm-mob/catkin_ws/build_isolated/nav_core/CMakeFiles/CMakeTmp/CheckSymbolExists.c:
/* */
#include <pthread.h>

int main(int argc, char** argv)
{
  (void)argv;
#ifndef pthread_create
  return ((int*)(&pthread_create))[argc];
#else
  (void)argc;
  return 0;
#endif
}

Determining if the function pthread_create exists in the pthreads failed with the following output:
Change Dir: /home/wcm-mob/catkin_ws/build_isolated/nav_core/CMakeFiles/CMakeTmp

Run Build Command:"/usr/bin/make" "cmTC_daaad/fast"
/usr/bin/make -f CMakeFiles/cmTC_daaad.dir/build.make CMakeFiles/cmTC_daaad.dir/build
make[1]: Entering directory '/home/wcm-mob/catkin_ws/build_isolated/nav_core/CMakeFiles/CMakeTmp'
Building C object CMakeFiles/cmTC_daaad.dir/CheckFunctionExists.c.o
/usr/bin/cc   -DCHECK_FUNCTION_EXISTS=pthread_create   -o CMakeFiles/cmTC_daaad.dir/CheckFunctionExists.c.o   -c /usr/share/cmake-3.10/Modules/CheckFunctionExists.c
Linking C executable cmTC_daaad
/usr/bin/cmake -E cmake_link_script CMakeFiles/cmTC_daaad.dir/link.txt --verbose=1
/usr/bin/cc  -DCHECK_FUNCTION_EXISTS=pthread_create    -rdynamic CMakeFiles/cmTC_daaad.dir/CheckFunctionExists.c.o  -o cmTC_daaad -lpthreads 
/usr/bin/ld: cannot find -lpthreads
collect2: error: ld returned 1 exit status
CMakeFiles/cmTC_daaad.dir/build.make:97: recipe for target 'cmTC_daaad' failed
make[1]: *** [cmTC_daaad] Error 1
make[1]: Leaving directory '/home/wcm-mob/catkin_ws/build_isolated/nav_core/CMakeFiles/CMakeTmp'
Makefile:126: recipe for target 'cmTC_daaad/fast' failed
make: *** [cmTC_daaad/fast] Error 2


